<?xml version="1.0" encoding="UTF-8"?>
<testsuite name="MaximumCheckTest" tests="1" skipped="0" failures="0" errors="0" timestamp="2021-04-12T13:27:58" hostname="LAPTOP-TLTN6P2Q" time="0.035">
  <properties/>
  <testcase name="givenIntegers_whenMaxAtFirst_ReturnSame()" classname="MaximumCheckTest" time="0.035"/>
  <system-out><![CDATA[]]></system-out>
  <system-err><![CDATA[]]></system-err>
</testsuite>
